<?xml version="1.0" encoding="UTF-8"?>
<testng-results skipped="0" failed="0" total="1" passed="1">
  <reporter-output>
  </reporter-output>
  <suite name="Default suite" duration-ms="6018" started-at="2017-07-01T03:28:17Z" finished-at="2017-07-01T03:28:23Z">
    <groups>
    </groups>
    <test name="Default test" duration-ms="6018" started-at="2017-07-01T03:28:17Z" finished-at="2017-07-01T03:28:23Z">
      <class name="Utility.SignIn">
        <test-method status="PASS" signature="startcode()[pri:0, instance:Utility.SignIn@2b98378d]" name="startcode" is-config="true" duration-ms="4322" started-at="2017-07-01T08:58:17Z" finished-at="2017-07-01T08:58:22Z">
          <reporter-output>
          </reporter-output>
        </test-method> <!-- startcode -->
        <test-method status="PASS" signature="testGetData()[pri:0, instance:Utility.SignIn@2b98378d]" name="testGetData" duration-ms="1674" started-at="2017-07-01T08:58:22Z" finished-at="2017-07-01T08:58:23Z">
          <reporter-output>
          </reporter-output>
        </test-method> <!-- testGetData -->
      </class> <!-- Utility.SignIn -->
    </test> <!-- Default test -->
  </suite> <!-- Default suite -->
</testng-results>
